Jun 25 23:28 : state_file: Unrecognized line in state file: ## Copyright (C) 2020-2021 Aditya Shakya <adi1090x@gmail.com>
Jun 25 23:28 : state_file: Unrecognized line in state file: ## Everyone is permitted to copy and distribute copies of this file under GNU-GPL3
Jun 25 23:28 : state_file: Unrecognized line in state file:
WARNING: Unhandled message: interface=org.freedesktop.DBus, path=/org/freedesktop/DBus, member=ActivatableServicesChanged
WARNING: Unhandled message: interface=org.freedesktop.DBus, path=/org/freedesktop/DBus, member=ActivatableServicesChanged
WARNING: Unhandled message: interface=org.freedesktop.DBus, path=/org/freedesktop/DBus, member=ActivatableServicesChanged
WARNING: Unhandled message: interface=org.freedesktop.DBus, path=/org/freedesktop/DBus, member=ActivatableServicesChanged
WARNING: Unhandled message: interface=org.freedesktop.DBus, path=/org/freedesktop/DBus, member=ActivatableServicesChanged
WARNING: Unhandled message: interface=org.freedesktop.DBus, path=/org/freedesktop/DBus, member=ActivatableServicesChanged
WARNING: Unhandled message: interface=org.freedesktop.DBus, path=/org/freedesktop/DBus, member=ActivatableServicesChanged
WARNING: Unhandled message: interface=org.freedesktop.DBus, path=/org/freedesktop/DBus, member=ActivatableServicesChanged
WARNING: Unhandled message: interface=org.freedesktop.DBus, path=/org/freedesktop/DBus, member=ActivatableServicesChanged
WARNING: Unhandled message: interface=org.freedesktop.DBus, path=/org/freedesktop/DBus, member=ActivatableServicesChanged
WARNING: Unhandled message: interface=org.freedesktop.DBus, path=/org/freedesktop/DBus, member=ActivatableServicesChanged
WARNING: Unhandled message: interface=org.freedesktop.DBus, path=/org/freedesktop/DBus, member=ActivatableServicesChanged
WARNING: Unhandled message: interface=org.freedesktop.DBus, path=/org/freedesktop/DBus, member=ActivatableServicesChanged
WARNING: Unhandled message: interface=org.freedesktop.DBus, path=/org/freedesktop/DBus, member=ActivatableServicesChanged
WARNING: Unhandled message: interface=org.freedesktop.DBus, path=/org/freedesktop/DBus, member=ActivatableServicesChanged
WARNING: Unhandled message: interface=org.freedesktop.DBus, path=/org/freedesktop/DBus, member=ActivatableServicesChanged
WARNING: Unhandled message: interface=org.freedesktop.DBus, path=/org/freedesktop/DBus, member=ActivatableServicesChanged
WARNING: Unhandled message: interface=org.freedesktop.DBus, path=/org/freedesktop/DBus, member=ActivatableServicesChanged
WARNING: Unhandled message: interface=org.freedesktop.DBus, path=/org/freedesktop/DBus, member=ActivatableServicesChanged
WARNING: Unhandled message: interface=org.freedesktop.DBus, path=/org/freedesktop/DBus, member=ActivatableServicesChanged
WARNING: Unhandled message: interface=org.freedesktop.DBus, path=/org/freedesktop/DBus, member=ActivatableServicesChanged
WARNING: Unhandled message: interface=org.freedesktop.DBus, path=/org/freedesktop/DBus, member=ActivatableServicesChanged
WARNING: Unhandled message: interface=org.freedesktop.DBus, path=/org/freedesktop/DBus, member=ActivatableServicesChanged
WARNING: Unhandled message: interface=org.freedesktop.DBus, path=/org/freedesktop/DBus, member=ActivatableServicesChanged
WARNING: Unhandled message: interface=org.freedesktop.DBus, path=/org/freedesktop/DBus, member=ActivatableServicesChanged
WARNING: Unhandled message: interface=org.freedesktop.DBus, path=/org/freedesktop/DBus, member=ActivatableServicesChanged
WARNING: Unhandled message: interface=org.freedesktop.DBus, path=/org/freedesktop/DBus, member=ActivatableServicesChanged
WARNING: Unhandled message: interface=org.freedesktop.DBus, path=/org/freedesktop/DBus, member=ActivatableServicesChanged
WARNING: Unhandled message: interface=org.freedesktop.DBus, path=/org/freedesktop/DBus, member=ActivatableServicesChanged
WARNING: Unhandled message: interface=org.freedesktop.DBus, path=/org/freedesktop/DBus, member=ActivatableServicesChanged
WARNING: Unhandled message: interface=org.freedesktop.DBus, path=/org/freedesktop/DBus, member=ActivatableServicesChanged
WARNING: Unhandled message: interface=org.freedesktop.DBus, path=/org/freedesktop/DBus, member=ActivatableServicesChanged
WARNING: Unhandled message: interface=org.freedesktop.DBus, path=/org/freedesktop/DBus, member=ActivatableServicesChanged
WARNING: Unhandled message: interface=org.freedesktop.DBus, path=/org/freedesktop/DBus, member=ActivatableServicesChanged
WARNING: Unhandled message: interface=org.freedesktop.DBus, path=/org/freedesktop/DBus, member=ActivatableServicesChanged
WARNING: Unhandled message: interface=org.freedesktop.DBus, path=/org/freedesktop/DBus, member=ActivatableServicesChanged
Jun 26 00:14 : player: played "Cartoon - On & On (feat. Daniel Levi) [NCS Release].mp3"
Jun 26 00:16 : player: played "Cartoon - On & On (feat. Daniel Levi) [NCS Release].mp3"
Jun 26 00:17 : update: added /Cartoon - On & On (feat. Daniel Levi) [NCS Release].mp3
Jun 26 00:17 : update: added /Culture Code - Make Me Move (feat. Karra) [NCS Release].mp3
Jun 26 00:17 : update: added /Evanescence_Bring Me To Life.mp3
Jun 26 00:17 : update: added /Evanescence_My Immortal.mp3
Jun 26 00:17 : update: added /Janji - Heroes Tonight (feat. Johnning) [NCS Release].mp3
Jun 26 00:17 : update: added /N3WPORT - Power (feat. braev) [NCS Release].mp3
Jun 26 00:17 : update: added /NEFFEX - Grateful [Copyright Free].mp3
Jun 26 00:17 : update: added /Night_The Beauty and the Beast.mp3
Jun 26 00:17 : update: added /nightwish_-_bless_the_child-alc.mp3
Jun 26 00:17 : update: added /Nightwish_Nemo.mp3
Jun 26 00:17 : update: added /nightwish_-_sleeping_sun-alc.mp3
Jun 26 00:17 : update: added /Ozzy_Osbourne-Woman.mp3
Jun 26 00:18 : player: played "Night_The Beauty and the Beast.mp3"
WARNING: Unhandled message: interface=org.freedesktop.DBus, path=/org/freedesktop/DBus, member=ActivatableServicesChanged
WARNING: Unhandled message: interface=org.freedesktop.DBus, path=/org/freedesktop/DBus, member=ActivatableServicesChanged
Jun 26 00:31 : player: played "Nightwish_Nemo.mp3"
Jun 26 16:10 : player: played "Nightwish_Nemo.mp3"
Jun 26 17:04 : player: played "Nightwish_Nemo.mp3"
Jun 26 22:53 : player: played "Night_The Beauty and the Beast.mp3"
Jun 26 23:08 : player: played "Night_The Beauty and the Beast.mp3"
Jun 27 12:41 : player: played "Night_The Beauty and the Beast.mp3"
Jun 27 23:27 : player: played "Night_The Beauty and the Beast.mp3"
Jun 27 23:57 : player: played "Evanescence_Bring Me To Life.mp3"
Jun 28 00:10 : player: played "Evanescence_Bring Me To Life.mp3"
Jun 30 18:25 : player: played "Evanescence_Bring Me To Life.mp3"
Jun 30 19:22 : player: played "Evanescence_Bring Me To Life.mp3"
Jul 09 02:51 : player: played "NEFFEX - Grateful [Copyright Free].mp3"
Jul 09 03:19 : player: played "NEFFEX - Grateful [Copyright Free].mp3"
Jul 09 03:30 : player: played "NEFFEX - Grateful [Copyright Free].mp3"
Jul 09 09:52 : player: played "NEFFEX - Grateful [Copyright Free].mp3"
Jul 09 11:23 : player: played "NEFFEX - Grateful [Copyright Free].mp3"
Jul 09 11:33 : player: played "NEFFEX - Grateful [Copyright Free].mp3"
Jul 09 11:49 : player: played "NEFFEX - Grateful [Copyright Free].mp3"
Jul 09 12:23 : player: played "NEFFEX - Grateful [Copyright Free].mp3"
Jul 09 12:37 : player: played "NEFFEX - Grateful [Copyright Free].mp3"
Jul 09 14:26 : player: played "NEFFEX - Grateful [Copyright Free].mp3"
Jul 09 14:39 : player: played "NEFFEX - Grateful [Copyright Free].mp3"
Jul 09 15:15 : player: played "NEFFEX - Grateful [Copyright Free].mp3"
Jul 09 17:28 : player: played "NEFFEX - Grateful [Copyright Free].mp3"
Jul 09 18:22 : player: played "NEFFEX - Grateful [Copyright Free].mp3"
Jul 09 20:36 : player: played "NEFFEX - Grateful [Copyright Free].mp3"
Jul 09 22:33 : player: played "NEFFEX - Grateful [Copyright Free].mp3"
Jul 10 22:42 : player: played "Evanescence_My Immortal.mp3"
Jul 10 22:46 : player: played "Evanescence_Bring Me To Life.mp3"
Jul 10 23:22 : player: played "Evanescence_Bring Me To Life.mp3"
Jul 10 23:32 : player: played "Evanescence_Bring Me To Life.mp3"
Jul 11 18:16 : player: played "Evanescence_Bring Me To Life.mp3"
Jul 11 18:56 : player: played "Evanescence_Bring Me To Life.mp3"
Jul 11 19:28 : player: played "Evanescence_Bring Me To Life.mp3"
Jul 11 19:35 : player: played "Evanescence_Bring Me To Life.mp3"
Jul 11 19:57 : player: played "Evanescence_Bring Me To Life.mp3"
Jul 11 20:45 : player: played "Evanescence_Bring Me To Life.mp3"
Jul 11 21:59 : player: played "Evanescence_My Immortal.mp3"
Jul 11 22:03 : player: played "Evanescence_Bring Me To Life.mp3"
Jul 11 22:06 : player: played "NEFFEX - Grateful [Copyright Free].mp3"
Jul 11 22:09 : player: played "Cartoon - On & On (feat. Daniel Levi) [NCS Release].mp3"
Jul 11 22:12 : player: played "Culture Code - Make Me Move (feat. Karra) [NCS Release].mp3"
Jul 11 22:16 : player: played "Janji - Heroes Tonight (feat. Johnning) [NCS Release].mp3"
Jul 11 22:19 : player: played "N3WPORT - Power (feat. braev) [NCS Release].mp3"
Jul 11 22:24 : player: played "Nightwish_Nemo.mp3"
Jul 11 22:30 : player: played "nightwish_-_bless_the_child-alc.mp3"
Jul 11 22:34 : player: played "nightwish_-_sleeping_sun-alc.mp3"
Jul 11 22:40 : player: played "Night_The Beauty and the Beast.mp3"
Jul 11 22:45 : player: played "Evanescence_My Immortal.mp3"
Jul 11 22:49 : player: played "Evanescence_Bring Me To Life.mp3"
Jul 11 22:52 : player: played "NEFFEX - Grateful [Copyright Free].mp3"
Jul 11 22:57 : player: played "Cartoon - On & On (feat. Daniel Levi) [NCS Release].mp3"
Jul 11 23:01 : player: played "Culture Code - Make Me Move (feat. Karra) [NCS Release].mp3"
Jul 11 23:04 : player: played "Janji - Heroes Tonight (feat. Johnning) [NCS Release].mp3"
Jul 11 23:07 : player: played "N3WPORT - Power (feat. braev) [NCS Release].mp3"
Jul 11 23:12 : player: played "Nightwish_Nemo.mp3"
Jul 11 23:18 : player: played "nightwish_-_bless_the_child-alc.mp3"
Jul 11 23:22 : player: played "nightwish_-_sleeping_sun-alc.mp3"
Jul 11 23:28 : player: played "Night_The Beauty and the Beast.mp3"
Jul 11 23:33 : player: played "Evanescence_My Immortal.mp3"
Jul 11 23:37 : player: played "Evanescence_Bring Me To Life.mp3"
Jul 11 23:47 : player: played "NEFFEX - Grateful [Copyright Free].mp3"
Jul 11 23:51 : player: played "Cartoon - On & On (feat. Daniel Levi) [NCS Release].mp3"
Jul 11 23:54 : player: played "Culture Code - Make Me Move (feat. Karra) [NCS Release].mp3"
Jul 11 23:57 : player: played "Janji - Heroes Tonight (feat. Johnning) [NCS Release].mp3"
Jul 12 00:01 : player: played "N3WPORT - Power (feat. braev) [NCS Release].mp3"
Jul 12 00:05 : player: played "Nightwish_Nemo.mp3"
Jul 12 00:16 : player: played "nightwish_-_bless_the_child-alc.mp3"
Jul 14 17:57 : player: played "nightwish_-_bless_the_child-alc.mp3"
Jul 14 18:39 : player: played "nightwish_-_bless_the_child-alc.mp3"
Jul 14 19:11 : player: played "nightwish_-_bless_the_child-alc.mp3"
Jul 14 20:11 : player: played "nightwish_-_bless_the_child-alc.mp3"
Jul 15 19:25 : exception: Failed to enable output "pulse audio" (pulse); pa_context_connect() has failed: Connection refused
Jul 15 19:25 : exception: Failed to enable output "pulse audio" (pulse); pa_context_connect() has failed: Connection refused
Jul 15 19:27 : exception: Failed to enable output "pulse audio" (pulse); pa_context_connect() has failed: Connection refused
Jul 15 19:48 : player: played "nightwish_-_bless_the_child-alc.mp3"
Jul 15 20:07 : player: played "nightwish_-_bless_the_child-alc.mp3"
Jul 15 20:43 : player: played "nightwish_-_bless_the_child-alc.mp3"
Jul 15 21:24 : player: played "nightwish_-_bless_the_child-alc.mp3"
Jul 15 23:14 : player: played "Cartoon - On & On (feat. Daniel Levi) [NCS Release].mp3"
Jul 15 23:36 : player: played "Cartoon - On & On (feat. Daniel Levi) [NCS Release].mp3"
Jul 16 00:01 : player: played "Cartoon - On & On (feat. Daniel Levi) [NCS Release].mp3"
Jul 16 09:59 : player: played "Cartoon - On & On (feat. Daniel Levi) [NCS Release].mp3"
Jul 16 10:31 : player: played "Cartoon - On & On (feat. Daniel Levi) [NCS Release].mp3"
Jul 16 10:50 : player: played "Cartoon - On & On (feat. Daniel Levi) [NCS Release].mp3"
Jul 16 10:57 : player: played "Cartoon - On & On (feat. Daniel Levi) [NCS Release].mp3"
Jul 16 11:41 : player: played "Cartoon - On & On (feat. Daniel Levi) [NCS Release].mp3"
Jul 16 11:48 : player: played "Cartoon - On & On (feat. Daniel Levi) [NCS Release].mp3"
Jul 16 11:57 : player: played "Cartoon - On & On (feat. Daniel Levi) [NCS Release].mp3"
Jul 16 12:01 : player: played "Cartoon - On & On (feat. Daniel Levi) [NCS Release].mp3"
Jul 16 12:04 : player: played "Cartoon - On & On (feat. Daniel Levi) [NCS Release].mp3"
Jul 16 12:05 : player: played "Cartoon - On & On (feat. Daniel Levi) [NCS Release].mp3"
Jul 16 16:44 : player: played "Cartoon - On & On (feat. Daniel Levi) [NCS Release].mp3"
Jul 16 16:57 : player: played "Cartoon - On & On (feat. Daniel Levi) [NCS Release].mp3"
Jul 16 17:02 : player: played "Cartoon - On & On (feat. Daniel Levi) [NCS Release].mp3"
Jul 16 17:10 : player: played "Cartoon - On & On (feat. Daniel Levi) [NCS Release].mp3"
Jul 16 17:40 : player: played "Cartoon - On & On (feat. Daniel Levi) [NCS Release].mp3"
Jul 16 17:42 : player: played "Cartoon - On & On (feat. Daniel Levi) [NCS Release].mp3"
Jul 16 17:50 : player: played "Cartoon - On & On (feat. Daniel Levi) [NCS Release].mp3"
Jul 16 17:52 : player: played "Cartoon - On & On (feat. Daniel Levi) [NCS Release].mp3"
Jul 16 18:44 : player: played "Cartoon - On & On (feat. Daniel Levi) [NCS Release].mp3"
Jul 16 18:48 : player: played "Cartoon - On & On (feat. Daniel Levi) [NCS Release].mp3"
Jul 16 19:22 : player: played "Cartoon - On & On (feat. Daniel Levi) [NCS Release].mp3"
Jul 16 19:33 : player: played "Cartoon - On & On (feat. Daniel Levi) [NCS Release].mp3"
Jul 16 19:48 : player: played "Cartoon - On & On (feat. Daniel Levi) [NCS Release].mp3"
Jul 16 20:00 : player: played "Cartoon - On & On (feat. Daniel Levi) [NCS Release].mp3"
Jul 16 20:09 : player: played "Cartoon - On & On (feat. Daniel Levi) [NCS Release].mp3"
Jul 16 21:32 : player: played "Cartoon - On & On (feat. Daniel Levi) [NCS Release].mp3"
Jul 16 21:36 : player: played "Cartoon - On & On (feat. Daniel Levi) [NCS Release].mp3"
Jul 16 21:46 : player: played "Cartoon - On & On (feat. Daniel Levi) [NCS Release].mp3"
Jul 16 21:49 : player: played "Cartoon - On & On (feat. Daniel Levi) [NCS Release].mp3"
Jul 16 21:51 : player: played "Cartoon - On & On (feat. Daniel Levi) [NCS Release].mp3"
Jul 16 21:59 : player: played "Cartoon - On & On (feat. Daniel Levi) [NCS Release].mp3"
Jul 16 22:15 : player: played "Cartoon - On & On (feat. Daniel Levi) [NCS Release].mp3"
Jul 16 22:22 : player: played "Cartoon - On & On (feat. Daniel Levi) [NCS Release].mp3"
Jul 16 22:47 : player: played "Cartoon - On & On (feat. Daniel Levi) [NCS Release].mp3"
Jul 16 22:52 : player: played "Cartoon - On & On (feat. Daniel Levi) [NCS Release].mp3"
Jul 17 00:02 : player: played "Cartoon - On & On (feat. Daniel Levi) [NCS Release].mp3"
Jul 17 00:06 : player: played "N3WPORT - Power (feat. braev) [NCS Release].mp3"
Jul 17 07:23 : player: played "N3WPORT - Power (feat. braev) [NCS Release].mp3"
Jul 17 07:46 : player: played "N3WPORT - Power (feat. braev) [NCS Release].mp3"
Jul 17 07:56 : player: played "N3WPORT - Power (feat. braev) [NCS Release].mp3"
Jul 17 08:01 : player: played "Nightwish_Nemo.mp3"
Jul 17 08:11 : player: played "nightwish_-_bless_the_child-alc.mp3"
Jul 17 08:14 : player: played "nightwish_-_sleeping_sun-alc.mp3"
Jul 17 08:16 : player: played "nightwish_-_sleeping_sun-alc.mp3"
Jul 17 08:22 : player: played "Night_The Beauty and the Beast.mp3"
Jul 17 08:41 : player: played "NEFFEX - Grateful [Copyright Free].mp3"
Jul 17 09:02 : player: played "NEFFEX - Grateful [Copyright Free].mp3"
Jul 17 10:05 : player: played "NEFFEX - Grateful [Copyright Free].mp3"
Jul 17 10:20 : player: played "NEFFEX - Grateful [Copyright Free].mp3"
Jul 17 13:21 : player: played "Cartoon - On & On (feat. Daniel Levi) [NCS Release].mp3"
Jul 17 23:49 : player: played "Cartoon - On & On (feat. Daniel Levi) [NCS Release].mp3"
Jul 18 00:09 : player: played "Cartoon - On & On (feat. Daniel Levi) [NCS Release].mp3"
Jul 18 00:14 : player: played "NEFFEX - Grateful [Copyright Free].mp3"
Jul 18 21:58 : player: played "NEFFEX - Grateful [Copyright Free].mp3"
Jul 18 22:11 : player: played "NEFFEX - Grateful [Copyright Free].mp3"
Jul 19 21:33 : player: played "NEFFEX - Grateful [Copyright Free].mp3"
